<?xml version="1.0" encoding="UTF-8"?>
<testng-results skipped="1" failed="0" total="3" passed="2">
  <reporter-output>
  </reporter-output>
  <suite name="day4 login suite" duration-ms="1074401" started-at="2019-08-31T10:44:50Z" finished-at="2019-08-31T11:02:44Z">
    <groups>
      <group name="checklogin">
        <method signature="day4.invalidpass(java.lang.String, java.lang.String)[pri:4, instance:Guru99project.day4@4501b7af]" name="invalidpass" class="Guru99project.day4"/>
        <method signature="day4.invaliduser(java.lang.String, java.lang.String)[pri:3, instance:Guru99project.day4@4501b7af]" name="invaliduser" class="Guru99project.day4"/>
        <method signature="day4.invaluserinvalpass(java.lang.String, java.lang.String)[pri:5, instance:Guru99project.day4@4501b7af]" name="invaluserinvalpass" class="Guru99project.day4"/>
      </group> <!-- checklogin -->
    </groups>
    <test name="day4 login test" duration-ms="1074401" started-at="2019-08-31T10:44:50Z" finished-at="2019-08-31T11:02:44Z">
      <class name="Guru99project.day4">
        <test-method status="PASS" signature="enterurl(java.lang.String)[pri:0, instance:Guru99project.day4@4501b7af]" name="enterurl" is-config="true" duration-ms="724958" started-at="2019-08-31T16:14:50Z" finished-at="2019-08-31T16:26:55Z">
          <params>
            <param index="0">
              <value>
                <![CDATA[http://www.demo.guru99.com/V4/]]>
              </value>
            </param>
          </params>
          <reporter-output>
          </reporter-output>
        </test-method> <!-- enterurl -->
        <test-method status="PASS" signature="invaliduser(java.lang.String, java.lang.String)[pri:3, instance:Guru99project.day4@4501b7af]" name="invaliduser" duration-ms="2532" started-at="2019-08-31T16:26:55Z" finished-at="2019-08-31T16:26:57Z">
          <params>
            <param index="0">
              <value>
                <![CDATA[mngr2154]]>
              </value>
            </param>
            <param index="1">
              <value>
                <![CDATA[vupanyb]]>
              </value>
            </param>
          </params>
          <reporter-output>
          </reporter-output>
        </test-method> <!-- invaliduser -->
        <test-method status="PASS" signature="nothing()[pri:0, instance:Guru99project.day4@4501b7af]" name="nothing" is-config="true" duration-ms="0" started-at="2019-08-31T16:26:57Z" finished-at="2019-08-31T16:26:57Z">
          <reporter-output>
          </reporter-output>
        </test-method> <!-- nothing -->
        <test-method status="PASS" signature="enterurl(java.lang.String)[pri:0, instance:Guru99project.day4@4501b7af]" name="enterurl" is-config="true" duration-ms="63650" started-at="2019-08-31T16:26:57Z" finished-at="2019-08-31T16:28:01Z">
          <params>
            <param index="0">
              <value>
                <![CDATA[http://www.demo.guru99.com/V4/]]>
              </value>
            </param>
          </params>
          <reporter-output>
          </reporter-output>
        </test-method> <!-- enterurl -->
        <test-method status="PASS" signature="invalidpass(java.lang.String, java.lang.String)[pri:4, instance:Guru99project.day4@4501b7af]" name="invalidpass" duration-ms="2353" started-at="2019-08-31T16:28:01Z" finished-at="2019-08-31T16:28:03Z">
          <params>
            <param index="0">
              <value>
                <![CDATA[mngr2154]]>
              </value>
            </param>
            <param index="1">
              <value>
                <![CDATA[vupab]]>
              </value>
            </param>
          </params>
          <reporter-output>
          </reporter-output>
        </test-method> <!-- invalidpass -->
        <test-method status="PASS" signature="nothing()[pri:0, instance:Guru99project.day4@4501b7af]" name="nothing" is-config="true" duration-ms="1" started-at="2019-08-31T16:28:03Z" finished-at="2019-08-31T16:28:03Z">
          <reporter-output>
          </reporter-output>
        </test-method> <!-- nothing -->
        <test-method status="FAIL" signature="enterurl(java.lang.String)[pri:0, instance:Guru99project.day4@4501b7af]" name="enterurl" is-config="true" duration-ms="0" started-at="2019-08-31T16:28:03Z" finished-at="2019-08-31T16:28:03Z">
          <params>
            <param index="0">
              <value>
                <![CDATA[http://www.demo.guru99.com/V4/]]>
              </value>
            </param>
          </params>
          <exception class="org.openqa.selenium.remote.UnreachableBrowserException">
            <message>
              <![CDATA[Error communicating with the remote browser. It may have died.
Build info: version: '2.53.0', revision: '35ae25b', time: '2016-03-15 16:57:40'
System info: host: 'RAMESH-PC', ip: '192.168.55.104', os.name: 'Windows 7', os.arch: 'amd64', os.version: '6.1', java.version: '1.8.0_51'
Driver info: driver.version: RemoteWebDriver
Capabilities [{applicationCacheEnabled=true, rotatable=false, handlesAlerts=true, databaseEnabled=true, version=44.0.1, platform=WINDOWS, nativeEvents=false, acceptSslCerts=true, webStorageEnabled=true, locationContextEnabled=true, browserName=firefox, takesScreenshot=true, javascriptEnabled=true, cssSelectorsEnabled=true}]
Session ID: ac5d21de-af16-4751-b27d-54783bf6a17f]]>
            </message>
            <full-stacktrace>
              <![CDATA[org.openqa.selenium.remote.UnreachableBrowserException: Error communicating with the remote browser. It may have died.
Build info: version: '2.53.0', revision: '35ae25b', time: '2016-03-15 16:57:40'
System info: host: 'RAMESH-PC', ip: '192.168.55.104', os.name: 'Windows 7', os.arch: 'amd64', os.version: '6.1', java.version: '1.8.0_51'
Driver info: driver.version: RemoteWebDriver
Capabilities [{applicationCacheEnabled=true, rotatable=false, handlesAlerts=true, databaseEnabled=true, version=44.0.1, platform=WINDOWS, nativeEvents=false, acceptSslCerts=true, webStorageEnabled=true, locationContextEnabled=true, browserName=firefox, takesScreenshot=true, javascriptEnabled=true, cssSelectorsEnabled=true}]
Session ID: ac5d21de-af16-4751-b27d-54783bf6a17f
	at org.openqa.selenium.remote.RemoteWebDriver.execute(RemoteWebDriver.java:665)
	at org.openqa.selenium.remote.RemoteWebDriver.get(RemoteWebDriver.java:316)
	at Guru99project.day4.enterurl(day4.java:17)
	at sun.reflect.NativeMethodAccessorImpl.invoke0(Native Method)
	at sun.reflect.NativeMethodAccessorImpl.invoke(Unknown Source)
	at sun.reflect.DelegatingMethodAccessorImpl.invoke(Unknown Source)
	at java.lang.reflect.Method.invoke(Unknown Source)
	at org.testng.internal.MethodInvocationHelper.invokeMethod(MethodInvocationHelper.java:85)
	at org.testng.internal.Invoker.invokeConfigurationMethod(Invoker.java:510)
	at org.testng.internal.Invoker.invokeConfigurations(Invoker.java:211)
	at org.testng.internal.Invoker.invokeMethod(Invoker.java:585)
	at org.testng.internal.Invoker.invokeTestMethod(Invoker.java:816)
	at org.testng.internal.Invoker.invokeTestMethods(Invoker.java:1124)
	at org.testng.internal.TestMethodWorker.invokeTestMethods(TestMethodWorker.java:125)
	at org.testng.internal.TestMethodWorker.run(TestMethodWorker.java:108)
	at org.testng.TestRunner.privateRun(TestRunner.java:774)
	at org.testng.TestRunner.run(TestRunner.java:624)
	at org.testng.SuiteRunner.runTest(SuiteRunner.java:359)
	at org.testng.SuiteRunner.runSequentially(SuiteRunner.java:354)
	at org.testng.SuiteRunner.privateRun(SuiteRunner.java:312)
	at org.testng.SuiteRunner.run(SuiteRunner.java:261)
	at org.testng.SuiteRunnerWorker.runSuite(SuiteRunnerWorker.java:52)
	at org.testng.SuiteRunnerWorker.run(SuiteRunnerWorker.java:86)
	at org.testng.TestNG.runSuitesSequentially(TestNG.java:1215)
	at org.testng.TestNG.runSuitesLocally(TestNG.java:1140)
	at org.testng.TestNG.run(TestNG.java:1048)
	at org.testng.remote.AbstractRemoteTestNG.run(AbstractRemoteTestNG.java:114)
	at org.testng.remote.RemoteTestNG.initAndRun(RemoteTestNG.java:251)
	at org.testng.remote.RemoteTestNG.main(RemoteTestNG.java:77)
Caused by: org.apache.http.conn.HttpHostConnectException: Connect to 127.0.0.1:7057 [/127.0.0.1] failed: Connection refused: connect
	at org.apache.http.impl.conn.DefaultHttpClientConnectionOperator.connect(DefaultHttpClientConnectionOperator.java:151)
	at org.apache.http.impl.conn.PoolingHttpClientConnectionManager.connect(PoolingHttpClientConnectionManager.java:353)
	at org.apache.http.impl.execchain.MainClientExec.establishRoute(MainClientExec.java:380)
	at org.apache.http.impl.execchain.MainClientExec.execute(MainClientExec.java:236)
	at org.apache.http.impl.execchain.ProtocolExec.execute(ProtocolExec.java:184)
	at org.apache.http.impl.execchain.RetryExec.execute(RetryExec.java:88)
	at org.apache.http.impl.execchain.RedirectExec.execute(RedirectExec.java:110)
	at org.apache.http.impl.client.InternalHttpClient.doExecute(InternalHttpClient.java:184)
	at org.apache.http.impl.client.CloseableHttpClient.execute(CloseableHttpClient.java:71)
	at org.apache.http.impl.client.CloseableHttpClient.execute(CloseableHttpClient.java:55)
	at org.openqa.selenium.remote.internal.ApacheHttpClient.fallBackExecute(ApacheHttpClient.java:162)
	at org.openqa.selenium.remote.internal.ApacheHttpClient.execute(ApacheHttpClient.java:90)
	at org.openqa.selenium.remote.HttpCommandExecutor.execute(HttpCommandExecutor.java:142)
	at org.openqa.selenium.firefox.internal.NewProfileExtensionConnection.execute(NewProfileExtensionConnection.java:160)
	at org.openqa.selenium.firefox.FirefoxDriver$LazyCommandExecutor.execute(FirefoxDriver.java:380)
	at org.openqa.selenium.remote.RemoteWebDriver.execute(RemoteWebDriver.java:644)
	... 28 more
Caused by: java.net.ConnectException: Connection refused: connect
	at java.net.DualStackPlainSocketImpl.waitForConnect(Native Method)
	at java.net.DualStackPlainSocketImpl.socketConnect(Unknown Source)
	at java.net.AbstractPlainSocketImpl.doConnect(Unknown Source)
	at java.net.AbstractPlainSocketImpl.connectToAddress(Unknown Source)
	at java.net.AbstractPlainSocketImpl.connect(Unknown Source)
	at java.net.PlainSocketImpl.connect(Unknown Source)
	at java.net.SocksSocketImpl.connect(Unknown Source)
	at java.net.Socket.connect(Unknown Source)
	at org.apache.http.conn.socket.PlainConnectionSocketFactory.connectSocket(PlainConnectionSocketFactory.java:74)
	at org.apache.http.impl.conn.DefaultHttpClientConnectionOperator.connect(DefaultHttpClientConnectionOperator.java:134)
	... 43 more
]]>
            </full-stacktrace>
          </exception> <!-- org.openqa.selenium.remote.UnreachableBrowserException -->
          <reporter-output>
          </reporter-output>
        </test-method> <!-- enterurl -->
        <test-method status="SKIP" signature="invaluserinvalpass(java.lang.String, java.lang.String)[pri:5, instance:Guru99project.day4@4501b7af]" name="invaluserinvalpass" duration-ms="3" started-at="2019-08-31T16:32:44Z" finished-at="2019-08-31T16:32:44Z">
          <params>
            <param index="0">
              <value>
                <![CDATA[mngr24]]>
              </value>
            </param>
            <param index="1">
              <value>
                <![CDATA[payb]]>
              </value>
            </param>
          </params>
          <reporter-output>
          </reporter-output>
        </test-method> <!-- invaluserinvalpass -->
        <test-method status="SKIP" signature="nothing()[pri:0, instance:Guru99project.day4@4501b7af]" name="nothing" is-config="true" duration-ms="0" started-at="2019-08-31T16:32:44Z" finished-at="2019-08-31T16:32:44Z">
          <reporter-output>
          </reporter-output>
        </test-method> <!-- nothing -->
      </class> <!-- Guru99project.day4 -->
    </test> <!-- day4 login test -->
  </suite> <!-- day4 login suite -->
</testng-results>
